<?xml version="1.0" encoding="UTF-8"?>
<testng-results ignored="0" total="1" passed="0" failed="1" skipped="0">
  <reporter-output>
  </reporter-output>
  <suite started-at="2024-01-05T18:18:51 IST" name="Default suite" finished-at="2024-01-05T18:18:51 IST" duration-ms="64">
    <groups>
    </groups>
    <test started-at="2024-01-05T18:18:51 IST" name="Default test" finished-at="2024-01-05T18:18:51 IST" duration-ms="64">
      <class name="practice.RetryAnalysePractice">
        <test-method signature="analyser()[pri:0, instance:practice.RetryAnalysePractice@f09733f]" started-at="2024-01-05T18:18:51 IST" name="analyser" finished-at="2024-01-05T18:18:51 IST" duration-ms="30" status="FAIL">
          <exception class="java.lang.Error">
            <message>
              <![CDATA[Unresolved compilation problem: 
The type RetryAnalyserImplementation must implement the inherited abstract method IRetryAnalyzer.retry(ITestResult)
]]>
            </message>
            <full-stacktrace>
              <![CDATA[java.lang.Error: Unresolved compilation problem: 
The type RetryAnalyserImplementation must implement the inherited abstract method IRetryAnalyzer.retry(ITestResult)

at PropertyFileUtility.RetryAnalyserImplementation.retry(RetryAnalyserImplementation.java:6)
at org.testng.internal.invokers.TestInvoker.shouldRetryTestMethod(TestInvoker.java:554)
at org.testng.internal.invokers.TestInvoker.invokeMethod(TestInvoker.java:726)
at org.testng.internal.invokers.TestInvoker.invokeTestMethod(TestInvoker.java:227)
at org.testng.internal.invokers.MethodRunner.runInSequence(MethodRunner.java:50)
at org.testng.internal.invokers.TestInvoker$MethodInvocationAgent.invoke(TestInvoker.java:957)
at org.testng.internal.invokers.TestInvoker.invokeTestMethods(TestInvoker.java:200)
at org.testng.internal.invokers.TestMethodWorker.invokeTestMethods(TestMethodWorker.java:148)
at org.testng.internal.invokers.TestMethodWorker.run(TestMethodWorker.java:128)
at java.base/java.util.ArrayList.forEach(ArrayList.java:1511)
at org.testng.TestRunner.privateRun(TestRunner.java:848)
at org.testng.TestRunner.run(TestRunner.java:621)
at org.testng.SuiteRunner.runTest(SuiteRunner.java:443)
at org.testng.SuiteRunner.runSequentially(SuiteRunner.java:437)
at org.testng.SuiteRunner.privateRun(SuiteRunner.java:397)
at org.testng.SuiteRunner.run(SuiteRunner.java:336)
at org.testng.SuiteRunnerWorker.runSuite(SuiteRunnerWorker.java:52)
at org.testng.SuiteRunnerWorker.run(SuiteRunnerWorker.java:95)
at org.testng.TestNG.runSuitesSequentially(TestNG.java:1280)
at org.testng.TestNG.runSuitesLocally(TestNG.java:1200)
at org.testng.TestNG.runSuites(TestNG.java:1114)
at org.testng.TestNG.run(TestNG.java:1082)
at org.testng.remote.AbstractRemoteTestNG.run(AbstractRemoteTestNG.java:115)
at org.testng.remote.RemoteTestNG.initAndRun(RemoteTestNG.java:251)
at org.testng.remote.RemoteTestNG.main(RemoteTestNG.java:77)
]]>
            </full-stacktrace>
          </exception> <!-- java.lang.Error -->
          <reporter-output>
          </reporter-output>
        </test-method> <!-- analyser -->
      </class> <!-- practice.RetryAnalysePractice -->
    </test> <!-- Default test -->
  </suite> <!-- Default suite -->
</testng-results>
